This file contains any messages produced by compilers while
running configure, to aid debugging if configure makes a mistake.

It was created by configure, which was
generated by GNU Autoconf 2.69.  Invocation command line was

  $ ./configure 

## --------- ##
## Platform. ##
## --------- ##

hostname = zxjcarrot-N82JV
uname -m = i686
uname -r = 3.8.0-35-generic
uname -s = Linux
uname -v = #50-Ubuntu SMP Tue Dec 3 01:25:33 UTC 2013

/usr/bin/uname -p = unknown
/bin/uname -X     = unknown

/bin/arch              = unknown
/usr/bin/arch -k       = unknown
/usr/convex/getsysinfo = unknown
/usr/bin/hostinfo      = unknown
/bin/machine           = unknown
/usr/bin/oslevel       = unknown
/bin/universe          = unknown

PATH: /usr/local/sbin
PATH: /usr/local/bin
PATH: /usr/sbin
PATH: /usr/bin
PATH: /sbin
PATH: /bin


## ----------- ##
## Core tests. ##
## ----------- ##

configure:2224: checking for a BSD-compatible install
configure:2292: result: /usr/bin/install -c
configure:2303: checking whether build environment is sane
configure:2353: result: yes
configure:2494: checking for a thread-safe mkdir -p
configure:2533: result: /bin/mkdir -p
configure:2546: checking for gawk
configure:2576: result: no
configure:2546: checking for mawk
configure:2562: found /usr/bin/mawk
configure:2573: result: mawk
configure:2584: checking whether make sets $(MAKE)
configure:2606: result: yes
configure:2739: checking for gcc
configure:2755: found /usr/bin/gcc
configure:2766: result: gcc
configure:2995: checking for C compiler version
configure:3004: gcc --version >&5
gcc (Ubuntu/Linaro 4.7.3-1ubuntu1) 4.7.3
Copyright (C) 2012 Free Software Foundation, Inc.
This is free software; see the source for copying conditions.  There is NO
warranty; not even for MERCHANTABILITY or FITNESS FOR A PARTICULAR PURPOSE.

configure:3015: $? = 0
configure:3004: gcc -v >&5
Using built-in specs.
COLLECT_GCC=gcc
COLLECT_LTO_WRAPPER=/usr/lib/gcc/i686-linux-gnu/4.7/lto-wrapper
Target: i686-linux-gnu
Configured with: ../src/configure -v --with-pkgversion='Ubuntu/Linaro 4.7.3-1ubuntu1' --with-bugurl=file:///usr/share/doc/gcc-4.7/README.Bugs --enable-languages=c,c++,go,fortran,objc,obj-c++ --prefix=/usr --program-suffix=-4.7 --enable-shared --enable-linker-build-id --libexecdir=/usr/lib --without-included-gettext --enable-threads=posix --with-gxx-include-dir=/usr/include/c++/4.7 --libdir=/usr/lib --enable-nls --with-sysroot=/ --enable-clocale=gnu --enable-libstdcxx-debug --enable-libstdcxx-time=yes --enable-gnu-unique-object --enable-plugin --with-system-zlib --enable-objc-gc --enable-targets=all --with-cloog --enable-cloog-backend=ppl --disable-cloog-version-check --disable-ppl-version-check --enable-multiarch --disable-werror --with-arch-32=i686 --with-multilib-list=m32,m64,mx32 --with-tune=generic --enable-checking=release --build=i686-linux-gnu --host=i686-linux-gnu --target=i686-linux-gnu
Thread model: posix
gcc version 4.7.3 (Ubuntu/Linaro 4.7.3-1ubuntu1) 
configure:3015: $? = 0
configure:3004: gcc -V >&5
gcc: error: unrecognized command line option '-V'
gcc: fatal error: no input files
compilation terminated.
configure:3015: $? = 4
configure:3004: gcc -qversion >&5
gcc: error: unrecognized command line option '-qversion'
gcc: fatal error: no input files
compilation terminated.
configure:3015: $? = 4
configure:3035: checking whether the C compiler works
configure:3057: gcc    conftest.c  >&5
configure:3061: $? = 0
configure:3109: result: yes
configure:3112: checking for C compiler default output file name
configure:3114: result: a.out
configure:3120: checking for suffix of executables
configure:3127: gcc -o conftest    conftest.c  >&5
configure:3131: $? = 0
configure:3153: result: 
configure:3175: checking whether we are cross compiling
configure:3183: gcc -o conftest    conftest.c  >&5
configure:3187: $? = 0
configure:3194: ./conftest
configure:3198: $? = 0
configure:3213: result: no
configure:3218: checking for suffix of object files
configure:3240: gcc -c   conftest.c >&5
configure:3244: $? = 0
configure:3265: result: o
configure:3269: checking whether we are using the GNU C compiler
configure:3288: gcc -c   conftest.c >&5
configure:3288: $? = 0
configure:3297: result: yes
configure:3306: checking whether gcc accepts -g
configure:3326: gcc -c -g  conftest.c >&5
configure:3326: $? = 0
configure:3367: result: yes
configure:3384: checking for gcc option to accept ISO C89
configure:3447: gcc  -c -g -O2  conftest.c >&5
configure:3447: $? = 0
configure:3460: result: none needed
configure:3491: checking for style of include used by make
configure:3519: result: GNU
configure:3545: checking dependency style of gcc
configure:3656: result: gcc3
configure:3674: checking for pthread_create in -lpthread
configure:3699: gcc -o conftest -g -O2   conftest.c -lpthread   >&5
configure:3699: $? = 0
configure:3708: result: yes
configure:3726: checking how to run the C preprocessor
configure:3757: gcc -E  conftest.c
configure:3757: $? = 0
configure:3771: gcc -E  conftest.c
conftest.c:12:28: fatal error: ac_nonexistent.h: No such file or directory
compilation terminated.
configure:3771: $? = 1
configure: failed program was:
| /* confdefs.h */
| #define PACKAGE_NAME ""
| #define PACKAGE_TARNAME ""
| #define PACKAGE_VERSION ""
| #define PACKAGE_STRING ""
| #define PACKAGE_BUGREPORT ""
| #define PACKAGE_URL ""
| #define PACKAGE "EL"
| #define VERSION "version-0.1"
| #define HAVE_LIBPTHREAD 1
| /* end confdefs.h.  */
| #include <ac_nonexistent.h>
configure:3796: result: gcc -E
configure:3816: gcc -E  conftest.c
configure:3816: $? = 0
configure:3830: gcc -E  conftest.c
conftest.c:12:28: fatal error: ac_nonexistent.h: No such file or directory
compilation terminated.
configure:3830: $? = 1
configure: failed program was:
| /* confdefs.h */
| #define PACKAGE_NAME ""
| #define PACKAGE_TARNAME ""
| #define PACKAGE_VERSION ""
| #define PACKAGE_STRING ""
| #define PACKAGE_BUGREPORT ""
| #define PACKAGE_URL ""
| #define PACKAGE "EL"
| #define VERSION "version-0.1"
| #define HAVE_LIBPTHREAD 1
| /* end confdefs.h.  */
| #include <ac_nonexistent.h>
configure:3859: checking for grep that handles long lines and -e
configure:3917: result: /bin/grep
configure:3922: checking for egrep
configure:3984: result: /bin/grep -E
configure:3989: checking for ANSI C header files
configure:4009: gcc -c -g -O2  conftest.c >&5
configure:4009: $? = 0
configure:4082: gcc -o conftest -g -O2   conftest.c -lpthread  >&5
configure:4082: $? = 0
configure:4082: ./conftest
configure:4082: $? = 0
configure:4093: result: yes
configure:4106: checking for sys/types.h
configure:4106: gcc -c -g -O2  conftest.c >&5
configure:4106: $? = 0
configure:4106: result: yes
configure:4106: checking for sys/stat.h
configure:4106: gcc -c -g -O2  conftest.c >&5
configure:4106: $? = 0
configure:4106: result: yes
configure:4106: checking for stdlib.h
configure:4106: gcc -c -g -O2  conftest.c >&5
configure:4106: $? = 0
configure:4106: result: yes
configure:4106: checking for string.h
configure:4106: gcc -c -g -O2  conftest.c >&5
configure:4106: $? = 0
configure:4106: result: yes
configure:4106: checking for memory.h
configure:4106: gcc -c -g -O2  conftest.c >&5
configure:4106: $? = 0
configure:4106: result: yes
configure:4106: checking for strings.h
configure:4106: gcc -c -g -O2  conftest.c >&5
configure:4106: $? = 0
configure:4106: result: yes
configure:4106: checking for inttypes.h
configure:4106: gcc -c -g -O2  conftest.c >&5
configure:4106: $? = 0
configure:4106: result: yes
configure:4106: checking for stdint.h
configure:4106: gcc -c -g -O2  conftest.c >&5
configure:4106: $? = 0
configure:4106: result: yes
configure:4106: checking for unistd.h
configure:4106: gcc -c -g -O2  conftest.c >&5
configure:4106: $? = 0
configure:4106: result: yes
configure:4121: checking fcntl.h usability
configure:4121: gcc -c -g -O2  conftest.c >&5
configure:4121: $? = 0
configure:4121: result: yes
configure:4121: checking fcntl.h presence
configure:4121: gcc -E  conftest.c
configure:4121: $? = 0
configure:4121: result: yes
configure:4121: checking for fcntl.h
configure:4121: result: yes
configure:4121: checking for memory.h
configure:4121: result: yes
configure:4121: checking netinet/in.h usability
configure:4121: gcc -c -g -O2  conftest.c >&5
configure:4121: $? = 0
configure:4121: result: yes
configure:4121: checking netinet/in.h presence
configure:4121: gcc -E  conftest.c
configure:4121: $? = 0
configure:4121: result: yes
configure:4121: checking for netinet/in.h
configure:4121: result: yes
configure:4121: checking for stdlib.h
configure:4121: result: yes
configure:4121: checking for string.h
configure:4121: result: yes
configure:4121: checking sys/socket.h usability
configure:4121: gcc -c -g -O2  conftest.c >&5
configure:4121: $? = 0
configure:4121: result: yes
configure:4121: checking sys/socket.h presence
configure:4121: gcc -E  conftest.c
configure:4121: $? = 0
configure:4121: result: yes
configure:4121: checking for sys/socket.h
configure:4121: result: yes
configure:4121: checking sys/time.h usability
configure:4121: gcc -c -g -O2  conftest.c >&5
configure:4121: $? = 0
configure:4121: result: yes
configure:4121: checking sys/time.h presence
configure:4121: gcc -E  conftest.c
configure:4121: $? = 0
configure:4121: result: yes
configure:4121: checking for sys/time.h
configure:4121: result: yes
configure:4121: checking for unistd.h
configure:4121: result: yes
configure:4133: checking for inline
configure:4149: gcc -c -g -O2  conftest.c >&5
configure:4149: $? = 0
configure:4157: result: inline
configure:4179: checking for stdlib.h
configure:4179: result: yes
configure:4189: checking for GNU libc compatible malloc
configure:4213: gcc -o conftest -g -O2   conftest.c -lpthread  >&5
configure:4213: $? = 0
configure:4213: ./conftest
configure:4213: $? = 0
configure:4223: result: yes
configure:4246: checking for stdlib.h
configure:4246: result: yes
configure:4256: checking for GNU libc compatible realloc
configure:4280: gcc -o conftest -g -O2   conftest.c -lpthread  >&5
configure:4280: $? = 0
configure:4280: ./conftest
configure:4280: $? = 0
configure:4290: result: yes
configure:4314: checking for memset
configure:4314: gcc -o conftest -g -O2   conftest.c -lpthread  >&5
conftest.c:57:6: warning: conflicting types for built-in function 'memset' [enabled by default]
configure:4314: $? = 0
configure:4314: result: yes
configure:4314: checking for select
configure:4314: gcc -o conftest -g -O2   conftest.c -lpthread  >&5
configure:4314: $? = 0
configure:4314: result: yes
configure:4326: checking for win32
configure:4343: gcc -c -g -O2  conftest.c >&5
conftest.c: In function 'main':
conftest.c:41:1: error: unknown type name 'not'
conftest.c:41:8: error: expected '=', ',', ';', 'asm' or '__attribute__' before 'windows'
conftest.c:42:7: warning: extra tokens at end of #endif directive [enabled by default]
conftest.c:43:16: error: 'printf' undeclared (first use in this function)
conftest.c:43:16: note: each undeclared identifier is reported only once for each function it appears in
conftest.c:43:1: error: stray '\' in program
conftest.c:43:24: error: 's' undeclared (first use in this function)
conftest.c:43:26: error: expected ';' before 'n'
conftest.c:44:1: error: stray '\' in program
configure:4343: $? = 1
configure: failed program was:
| /* confdefs.h */
| #define PACKAGE_NAME ""
| #define PACKAGE_TARNAME ""
| #define PACKAGE_VERSION ""
| #define PACKAGE_STRING ""
| #define PACKAGE_BUGREPORT ""
| #define PACKAGE_URL ""
| #define PACKAGE "EL"
| #define VERSION "version-0.1"
| #define HAVE_LIBPTHREAD 1
| #define STDC_HEADERS 1
| #define HAVE_SYS_TYPES_H 1
| #define HAVE_SYS_STAT_H 1
| #define HAVE_STDLIB_H 1
| #define HAVE_STRING_H 1
| #define HAVE_MEMORY_H 1
| #define HAVE_STRINGS_H 1
| #define HAVE_INTTYPES_H 1
| #define HAVE_STDINT_H 1
| #define HAVE_UNISTD_H 1
| #define HAVE_FCNTL_H 1
| #define HAVE_MEMORY_H 1
| #define HAVE_NETINET_IN_H 1
| #define HAVE_STDLIB_H 1
| #define HAVE_STRING_H 1
| #define HAVE_SYS_SOCKET_H 1
| #define HAVE_SYS_TIME_H 1
| #define HAVE_UNISTD_H 1
| #define HAVE_STDLIB_H 1
| #define HAVE_MALLOC 1
| #define HAVE_STDLIB_H 1
| #define HAVE_REALLOC 1
| #define HAVE_MEMSET 1
| #define HAVE_SELECT 1
| /* end confdefs.h.  */
| 
| int
| main ()
| {
| #ifndef WIN32
| not on windows
| #endif,
| onwin32=true;{ printf %s\n "configure:4328: result: yes" >&5
| printf %s\n "yes" >&6; }
|   ;
|   return 0;
| }
configure:4351: checking for struct timeval
configure:4353: checking for struct timeval
configure:4353: gcc -c -g -O2  conftest.c >&5
configure:4353: $? = 0
configure:4353: gcc -c -g -O2  conftest.c >&5
conftest.c: In function 'main':
conftest.c:46:29: error: expected expression before ')' token
configure:4353: $? = 1
configure: failed program was:
| /* confdefs.h */
| #define PACKAGE_NAME ""
| #define PACKAGE_TARNAME ""
| #define PACKAGE_VERSION ""
| #define PACKAGE_STRING ""
| #define PACKAGE_BUGREPORT ""
| #define PACKAGE_URL ""
| #define PACKAGE "EL"
| #define VERSION "version-0.1"
| #define HAVE_LIBPTHREAD 1
| #define STDC_HEADERS 1
| #define HAVE_SYS_TYPES_H 1
| #define HAVE_SYS_STAT_H 1
| #define HAVE_STDLIB_H 1
| #define HAVE_STRING_H 1
| #define HAVE_MEMORY_H 1
| #define HAVE_STRINGS_H 1
| #define HAVE_INTTYPES_H 1
| #define HAVE_STDINT_H 1
| #define HAVE_UNISTD_H 1
| #define HAVE_FCNTL_H 1
| #define HAVE_MEMORY_H 1
| #define HAVE_NETINET_IN_H 1
| #define HAVE_STDLIB_H 1
| #define HAVE_STRING_H 1
| #define HAVE_SYS_SOCKET_H 1
| #define HAVE_SYS_TIME_H 1
| #define HAVE_UNISTD_H 1
| #define HAVE_STDLIB_H 1
| #define HAVE_MALLOC 1
| #define HAVE_STDLIB_H 1
| #define HAVE_REALLOC 1
| #define HAVE_MEMSET 1
| #define HAVE_SELECT 1
| /* end confdefs.h.  */
|  #ifdef WIN32
| 			  #include <Winsock2.h>
| 			  #else
| 			  #include <sys/time.h>
| 			  #endif
| 
| 
| int
| main ()
| {
| if (sizeof ((struct timeval)))
| 	    return 0;
|   ;
|   return 0;
| }
configure:4353: result: yes
configure:4361: result: yes
configure:4374: checking for epoll_ctl
configure:4374: gcc -o conftest -g -O2   conftest.c -lpthread  >&5
configure:4374: $? = 0
configure:4374: result: yes
configure:4383: checking for poll
configure:4383: gcc -o conftest -g -O2   conftest.c -lpthread  >&5
configure:4383: $? = 0
configure:4383: result: yes
configure:4522: creating ./config.status

## ---------------------- ##
## Running config.status. ##
## ---------------------- ##

This file was extended by config.status, which was
generated by GNU Autoconf 2.69.  Invocation command line was

  CONFIG_FILES    = 
  CONFIG_HEADERS  = 
  CONFIG_LINKS    = 
  CONFIG_COMMANDS = 
  $ ./config.status 

on zxjcarrot-N82JV

config.status:866: creating Makefile
config.status:866: creating config.h
config.status:1047: config.h is unchanged
config.status:1095: executing depfiles commands

## ---------------- ##
## Cache variables. ##
## ---------------- ##

ac_cv_c_compiler_gnu=yes
ac_cv_c_inline=inline
ac_cv_env_CC_set=
ac_cv_env_CC_value=
ac_cv_env_CFLAGS_set=
ac_cv_env_CFLAGS_value=
ac_cv_env_CPPFLAGS_set=
ac_cv_env_CPPFLAGS_value=
ac_cv_env_CPP_set=
ac_cv_env_CPP_value=
ac_cv_env_LDFLAGS_set=
ac_cv_env_LDFLAGS_value=
ac_cv_env_LIBS_set=
ac_cv_env_LIBS_value=
ac_cv_env_build_alias_set=
ac_cv_env_build_alias_value=
ac_cv_env_host_alias_set=
ac_cv_env_host_alias_value=
ac_cv_env_target_alias_set=
ac_cv_env_target_alias_value=
ac_cv_func_epoll_ctl=yes
ac_cv_func_malloc_0_nonnull=yes
ac_cv_func_memset=yes
ac_cv_func_poll=yes
ac_cv_func_realloc_0_nonnull=yes
ac_cv_func_select=yes
ac_cv_header_fcntl_h=yes
ac_cv_header_inttypes_h=yes
ac_cv_header_memory_h=yes
ac_cv_header_netinet_in_h=yes
ac_cv_header_stdc=yes
ac_cv_header_stdint_h=yes
ac_cv_header_stdlib_h=yes
ac_cv_header_string_h=yes
ac_cv_header_strings_h=yes
ac_cv_header_sys_socket_h=yes
ac_cv_header_sys_stat_h=yes
ac_cv_header_sys_time_h=yes
ac_cv_header_sys_types_h=yes
ac_cv_header_unistd_h=yes
ac_cv_lib_pthread_pthread_create=yes
ac_cv_objext=o
ac_cv_path_EGREP='/bin/grep -E'
ac_cv_path_GREP=/bin/grep
ac_cv_path_install='/usr/bin/install -c'
ac_cv_path_mkdir=/bin/mkdir
ac_cv_prog_AWK=mawk
ac_cv_prog_CPP='gcc -E'
ac_cv_prog_ac_ct_CC=gcc
ac_cv_prog_cc_c89=
ac_cv_prog_cc_g=yes
ac_cv_prog_make_make_set=yes
ac_cv_type_struct_timeval=yes
am_cv_CC_dependencies_compiler_type=gcc3

## ----------------- ##
## Output variables. ##
## ----------------- ##

ACLOCAL='${SHELL} /home/zxjcarrot/workspace/cheetah-0.1/missing --run aclocal-1.11'
AMDEPBACKSLASH='\'
AMDEP_FALSE='#'
AMDEP_TRUE=''
AMTAR='$${TAR-tar}'
AUTOCONF='${SHELL} /home/zxjcarrot/workspace/cheetah-0.1/missing --run autoconf'
AUTOHEADER='${SHELL} /home/zxjcarrot/workspace/cheetah-0.1/missing --run autoheader'
AUTOMAKE='${SHELL} /home/zxjcarrot/workspace/cheetah-0.1/missing --run automake-1.11'
AWK='mawk'
CC='gcc'
CCDEPMODE='depmode=gcc3'
CFLAGS='-g -O2'
CPP='gcc -E'
CPPFLAGS=''
CYGPATH_W='echo'
DEFS='-DHAVE_CONFIG_H'
DEPDIR='.deps'
ECHO_C=''
ECHO_N='-n'
ECHO_T=''
EGREP='/bin/grep -E'
EXEEXT=''
GREP='/bin/grep'
INSTALL_DATA='${INSTALL} -m 644'
INSTALL_PROGRAM='${INSTALL}'
INSTALL_SCRIPT='${INSTALL}'
INSTALL_STRIP_PROGRAM='$(install_sh) -c -s'
LDFLAGS=''
LIBOBJS=''
LIBS='-lpthread '
LTLIBOBJS=''
MAKEINFO='${SHELL} /home/zxjcarrot/workspace/cheetah-0.1/missing --run makeinfo'
MKDIR_P='/bin/mkdir -p'
OBJEXT='o'
PACKAGE='EL'
PACKAGE_BUGREPORT=''
PACKAGE_NAME=''
PACKAGE_STRING=''
PACKAGE_TARNAME=''
PACKAGE_URL=''
PACKAGE_VERSION=''
PATH_SEPARATOR=':'
SET_MAKE=''
SHELL='/bin/bash'
STRIP=''
VERSION='version-0.1'
ac_ct_CC='gcc'
am__EXEEXT_FALSE=''
am__EXEEXT_TRUE='#'
am__fastdepCC_FALSE='#'
am__fastdepCC_TRUE=''
am__include='include'
am__isrc=''
am__leading_dot='.'
am__nodep='_no'
am__quote=''
am__tar='$${TAR-tar} chof - "$$tardir"'
am__untar='$${TAR-tar} xf -'
bindir='${exec_prefix}/bin'
build_alias=''
datadir='${datarootdir}'
datarootdir='${prefix}/share'
docdir='${datarootdir}/doc/${PACKAGE}'
dvidir='${docdir}'
exec_prefix='${prefix}'
host_alias=''
htmldir='${docdir}'
includedir='${prefix}/include'
infodir='${datarootdir}/info'
install_sh='${SHELL} /home/zxjcarrot/workspace/cheetah-0.1/install-sh'
libdir='${exec_prefix}/lib'
libexecdir='${exec_prefix}/libexec'
localedir='${datarootdir}/locale'
localstatedir='${prefix}/var'
mandir='${datarootdir}/man'
mkdir_p='/bin/mkdir -p'
oldincludedir='/usr/include'
pdfdir='${docdir}'
prefix='/usr/local'
program_transform_name='s,x,x,'
psdir='${docdir}'
sbindir='${exec_prefix}/sbin'
sharedstatedir='${prefix}/com'
sysconfdir='${prefix}/etc'
target_alias=''

## ----------- ##
## confdefs.h. ##
## ----------- ##

/* confdefs.h */
#define PACKAGE_NAME ""
#define PACKAGE_TARNAME ""
#define PACKAGE_VERSION ""
#define PACKAGE_STRING ""
#define PACKAGE_BUGREPORT ""
#define PACKAGE_URL ""
#define PACKAGE "EL"
#define VERSION "version-0.1"
#define HAVE_LIBPTHREAD 1
#define STDC_HEADERS 1
#define HAVE_SYS_TYPES_H 1
#define HAVE_SYS_STAT_H 1
#define HAVE_STDLIB_H 1
#define HAVE_STRING_H 1
#define HAVE_MEMORY_H 1
#define HAVE_STRINGS_H 1
#define HAVE_INTTYPES_H 1
#define HAVE_STDINT_H 1
#define HAVE_UNISTD_H 1
#define HAVE_FCNTL_H 1
#define HAVE_MEMORY_H 1
#define HAVE_NETINET_IN_H 1
#define HAVE_STDLIB_H 1
#define HAVE_STRING_H 1
#define HAVE_SYS_SOCKET_H 1
#define HAVE_SYS_TIME_H 1
#define HAVE_UNISTD_H 1
#define HAVE_STDLIB_H 1
#define HAVE_MALLOC 1
#define HAVE_STDLIB_H 1
#define HAVE_REALLOC 1
#define HAVE_MEMSET 1
#define HAVE_SELECT 1
#define NOLOG 0
#define HAVE_EPOLL 1
#define HAVE_POLL 1

configure: exit 0

## ---------------------- ##
## Running config.status. ##
## ---------------------- ##

This file was extended by config.status, which was
generated by GNU Autoconf 2.69.  Invocation command line was

  CONFIG_FILES    = 
  CONFIG_HEADERS  = 
  CONFIG_LINKS    = 
  CONFIG_COMMANDS = 
  $ ./config.status Makefile depfiles

on zxjcarrot-N82JV

config.status:866: creating Makefile
config.status:1095: executing depfiles commands

## ---------------------- ##
## Running config.status. ##
## ---------------------- ##

This file was extended by config.status, which was
generated by GNU Autoconf 2.69.  Invocation command line was

  CONFIG_FILES    = 
  CONFIG_HEADERS  = 
  CONFIG_LINKS    = 
  CONFIG_COMMANDS = 
  $ ./config.status Makefile depfiles

on zxjcarrot-N82JV

config.status:866: creating Makefile
config.status:1095: executing depfiles commands

## ---------------------- ##
## Running config.status. ##
## ---------------------- ##

This file was extended by config.status, which was
generated by GNU Autoconf 2.69.  Invocation command line was

  CONFIG_FILES    = 
  CONFIG_HEADERS  = 
  CONFIG_LINKS    = 
  CONFIG_COMMANDS = 
  $ ./config.status Makefile depfiles

on zxjcarrot-N82JV

config.status:866: creating Makefile
config.status:1095: executing depfiles commands

## ---------------------- ##
## Running config.status. ##
## ---------------------- ##

This file was extended by config.status, which was
generated by GNU Autoconf 2.69.  Invocation command line was

  CONFIG_FILES    = 
  CONFIG_HEADERS  = 
  CONFIG_LINKS    = 
  CONFIG_COMMANDS = 
  $ ./config.status Makefile depfiles

on zxjcarrot-N82JV

config.status:866: creating Makefile
config.status:1095: executing depfiles commands

## ---------------------- ##
## Running config.status. ##
## ---------------------- ##

This file was extended by config.status, which was
generated by GNU Autoconf 2.69.  Invocation command line was

  CONFIG_FILES    = 
  CONFIG_HEADERS  = 
  CONFIG_LINKS    = 
  CONFIG_COMMANDS = 
  $ ./config.status 

on zxjcarrot-N82JV

config.status:866: creating Makefile
config.status:866: creating config.h
config.status:1047: config.h is unchanged
config.status:1095: executing depfiles commands

## ---------------------- ##
## Running config.status. ##
## ---------------------- ##

This file was extended by config.status, which was
generated by GNU Autoconf 2.69.  Invocation command line was

  CONFIG_FILES    = 
  CONFIG_HEADERS  = 
  CONFIG_LINKS    = 
  CONFIG_COMMANDS = 
  $ ./config.status Makefile depfiles

on zxjcarrot-N82JV

config.status:866: creating Makefile
config.status:1095: executing depfiles commands
